2017-11-14 14:44:53.654  INFO 20988 --- [restartedMain] com.goku.webapi.WebapiApplication        : Starting WebapiApplication on DESKTOP-QKO22R7 with PID 20988 (E:\learn\Goku\learn-java-demo\Goku.WebService.Simple.Swagger2\target\classes started by nbfujx in E:\learn\Goku\learn-java-demo\Goku.WebService.Simple.Swagger2)
2017-11-14 14:44:53.657  INFO 20988 --- [restartedMain] com.goku.webapi.WebapiApplication        : No active profile set, falling back to default profiles: default
2017-11-14 14:44:53.983  INFO 20988 --- [restartedMain] ationConfigEmbeddedWebApplicationContext : Refreshing org.springframework.boot.context.embedded.AnnotationConfigEmbeddedWebApplicationContext@7d71f673: startup date [Tue Nov 14 14:44:53 CST 2017]; root of context hierarchy
2017-11-14 14:44:58.256  INFO 20988 --- [restartedMain] .s.d.r.c.RepositoryConfigurationDelegate : Multiple Spring Data modules found, entering strict repository configuration mode!
2017-11-14 14:44:58.352  INFO 20988 --- [restartedMain] .s.d.r.c.RepositoryConfigurationDelegate : Multiple Spring Data modules found, entering strict repository configuration mode!
2017-11-14 14:44:59.414  INFO 20988 --- [restartedMain] trationDelegate$BeanPostProcessorChecker : Bean 'shiroConfig' of type [com.goku.webapi.config.Shiro.ShiroConfig$$EnhancerBySpringCGLIB$$cce95ed8] is not eligible for getting processed by all BeanPostProcessors (for example: not eligible for auto-proxying)
2017-11-14 14:45:00.492  INFO 20988 --- [restartedMain] trationDelegate$BeanPostProcessorChecker : Bean 'redisCacheConfig' of type [com.goku.webapi.config.redis.RedisCacheConfig$$EnhancerBySpringCGLIB$$1c187a64] is not eligible for getting processed by all BeanPostProcessors (for example: not eligible for auto-proxying)
2017-11-14 14:45:00.756  INFO 20988 --- [restartedMain] trationDelegate$BeanPostProcessorChecker : Bean 'spring.redis-org.springframework.boot.autoconfigure.data.redis.RedisProperties' of type [org.springframework.boot.autoconfigure.data.redis.RedisProperties] is not eligible for getting processed by all BeanPostProcessors (for example: not eligible for auto-proxying)
2017-11-14 14:45:00.768  INFO 20988 --- [restartedMain] trationDelegate$BeanPostProcessorChecker : Bean 'org.springframework.boot.autoconfigure.data.redis.RedisAutoConfiguration$RedisConnectionConfiguration' of type [org.springframework.boot.autoconfigure.data.redis.RedisAutoConfiguration$RedisConnectionConfiguration$$EnhancerBySpringCGLIB$$262a239f] is not eligible for getting processed by all BeanPostProcessors (for example: not eligible for auto-proxying)
2017-11-14 14:45:00.824  INFO 20988 --- [restartedMain] trationDelegate$BeanPostProcessorChecker : Bean 'redisConnectionFactory' of type [org.springframework.data.redis.connection.jedis.JedisConnectionFactory] is not eligible for getting processed by all BeanPostProcessors (for example: not eligible for auto-proxying)
2017-11-14 14:45:00.864  INFO 20988 --- [restartedMain] trationDelegate$BeanPostProcessorChecker : Bean 'redisTemplate' of type [org.springframework.data.redis.core.RedisTemplate] is not eligible for getting processed by all BeanPostProcessors (for example: not eligible for auto-proxying)
2017-11-14 14:45:00.865  INFO 20988 --- [restartedMain] trationDelegate$BeanPostProcessorChecker : Bean 'redisCacheManager' of type [com.goku.webapi.config.Shiro.RedisCacheManager] is not eligible for getting processed by all BeanPostProcessors (for example: not eligible for auto-proxying)
2017-11-14 14:45:00.997  INFO 20988 --- [restartedMain] trationDelegate$BeanPostProcessorChecker : Bean 'mybatis-org.mybatis.spring.boot.autoconfigure.MybatisProperties' of type [org.mybatis.spring.boot.autoconfigure.MybatisProperties] is not eligible for getting processed by all BeanPostProcessors (for example: not eligible for auto-proxying)
2017-11-14 14:45:01.017  INFO 20988 --- [restartedMain] trationDelegate$BeanPostProcessorChecker : Bean 'org.mybatis.spring.boot.autoconfigure.MybatisAutoConfiguration' of type [org.mybatis.spring.boot.autoconfigure.MybatisAutoConfiguration$$EnhancerBySpringCGLIB$$c5044dc0] is not eligible for getting processed by all BeanPostProcessors (for example: not eligible for auto-proxying)
2017-11-14 14:45:01.032  INFO 20988 --- [restartedMain] trationDelegate$BeanPostProcessorChecker : Bean 'druidDataBaseConfig' of type [com.goku.webapi.config.druid.DruidDataBaseConfig$$EnhancerBySpringCGLIB$$564eeff5] is not eligible for getting processed by all BeanPostProcessors (for example: not eligible for auto-proxying)
2017-11-14 14:45:01.171  INFO 20988 --- [restartedMain] trationDelegate$BeanPostProcessorChecker : Bean 'master' of type [com.alibaba.druid.pool.DruidDataSource] is not eligible for getting processed by all BeanPostProcessors (for example: not eligible for auto-proxying)
2017-11-14 14:45:01.859  INFO 20988 --- [restartedMain] trationDelegate$BeanPostProcessorChecker : Bean 'sqlSessionFactory' of type [org.apache.ibatis.session.defaults.DefaultSqlSessionFactory] is not eligible for getting processed by all BeanPostProcessors (for example: not eligible for auto-proxying)
2017-11-14 14:45:01.901  INFO 20988 --- [restartedMain] trationDelegate$BeanPostProcessorChecker : Bean 'sqlSessionTemplate' of type [org.mybatis.spring.SqlSessionTemplate] is not eligible for getting processed by all BeanPostProcessors (for example: not eligible for auto-proxying)
2017-11-14 14:45:01.903  INFO 20988 --- [restartedMain] trationDelegate$BeanPostProcessorChecker : Bean 'sysUserExtMapper' of type [org.mybatis.spring.mapper.MapperFactoryBean] is not eligible for getting processed by all BeanPostProcessors (for example: not eligible for auto-proxying)
2017-11-14 14:45:01.919  INFO 20988 --- [restartedMain] trationDelegate$BeanPostProcessorChecker : Bean 'sysUserExtMapper' of type [com.sun.proxy.$Proxy69] is not eligible for getting processed by all BeanPostProcessors (for example: not eligible for auto-proxying)
2017-11-14 14:45:01.996  INFO 20988 --- [restartedMain] trationDelegate$BeanPostProcessorChecker : Bean 'sysMenuExtMapper' of type [org.mybatis.spring.mapper.MapperFactoryBean] is not eligible for getting processed by all BeanPostProcessors (for example: not eligible for auto-proxying)
2017-11-14 14:45:02.002  INFO 20988 --- [restartedMain] trationDelegate$BeanPostProcessorChecker : Bean 'sysMenuExtMapper' of type [com.sun.proxy.$Proxy70] is not eligible for getting processed by all BeanPostProcessors (for example: not eligible for auto-proxying)
2017-11-14 14:45:02.002  INFO 20988 --- [restartedMain] trationDelegate$BeanPostProcessorChecker : Bean 'shiroRealm' of type [com.goku.webapi.config.Shiro.ShiroRealm] is not eligible for getting processed by all BeanPostProcessors (for example: not eligible for auto-proxying)
2017-11-14 14:45:02.032  INFO 20988 --- [restartedMain] trationDelegate$BeanPostProcessorChecker : Bean 'redisSessionDAO' of type [com.goku.webapi.config.Shiro.RedisSessionDAO] is not eligible for getting processed by all BeanPostProcessors (for example: not eligible for auto-proxying)
2017-11-14 14:45:02.076  INFO 20988 --- [restartedMain] trationDelegate$BeanPostProcessorChecker : Bean 'sessionManager' of type [org.apache.shiro.web.session.mgt.DefaultWebSessionManager] is not eligible for getting processed by all BeanPostProcessors (for example: not eligible for auto-proxying)
2017-11-14 14:45:02.164  INFO 20988 --- [restartedMain] trationDelegate$BeanPostProcessorChecker : Bean 'securityManager' of type [org.apache.shiro.web.mgt.DefaultWebSecurityManager] is not eligible for getting processed by all BeanPostProcessors (for example: not eligible for auto-proxying)
2017-11-14 14:45:02.602  INFO 20988 --- [restartedMain] trationDelegate$BeanPostProcessorChecker : Bean 'authorizationAttributeSourceAdvisor' of type [org.apache.shiro.spring.security.interceptor.AuthorizationAttributeSourceAdvisor] is not eligible for getting processed by all BeanPostProcessors (for example: not eligible for auto-proxying)
2017-11-14 14:45:03.038  INFO 20988 --- [restartedMain] trationDelegate$BeanPostProcessorChecker : Bean 'org.springframework.transaction.annotation.ProxyTransactionManagementConfiguration' of type [org.springframework.transaction.annotation.ProxyTransactionManagementConfiguration$$EnhancerBySpringCGLIB$$922ffc90] is not eligible for getting processed by all BeanPostProcessors (for example: not eligible for auto-proxying)
2017-11-14 14:45:04.152  INFO 20988 --- [restartedMain] trationDelegate$BeanPostProcessorChecker : Bean 'org.springframework.cache.annotation.ProxyCachingConfiguration' of type [org.springframework.cache.annotation.ProxyCachingConfiguration$$EnhancerBySpringCGLIB$$db4232ae] is not eligible for getting processed by all BeanPostProcessors (for example: not eligible for auto-proxying)
2017-11-14 14:45:06.680  INFO 20988 --- [restartedMain] s.b.c.e.t.TomcatEmbeddedServletContainer : Tomcat initialized with port(s): 8080 (http)
2017-11-14 14:45:06.706  INFO 20988 --- [restartedMain] o.apache.catalina.core.StandardService   : Starting service [Tomcat]
2017-11-14 14:45:06.708  INFO 20988 --- [restartedMain] org.apache.catalina.core.StandardEngine  : Starting Servlet Engine: Apache Tomcat/8.5.16
2017-11-14 14:45:06.961  INFO 20988 --- [localhost-startStop-1] o.a.c.c.C.[Tomcat].[localhost].[/]       : Initializing Spring embedded WebApplicationContext
2017-11-14 14:45:06.962  INFO 20988 --- [localhost-startStop-1] o.s.web.context.ContextLoader            : Root WebApplicationContext: initialization completed in 12985 ms
2017-11-14 14:45:08.282  INFO 20988 --- [localhost-startStop-1] o.s.b.w.servlet.ServletRegistrationBean  : Mapping servlet: 'dispatcherServlet' to [/]
2017-11-14 14:45:08.285  INFO 20988 --- [localhost-startStop-1] o.s.b.w.servlet.ServletRegistrationBean  : Mapping servlet: 'com.goku.webapi.config.druid.DruidStatViewServlet' to [/druid/*]
2017-11-14 14:45:08.291  INFO 20988 --- [localhost-startStop-1] o.s.b.w.servlet.FilterRegistrationBean   : Mapping filter: 'characterEncodingFilter' to: [/*]
2017-11-14 14:45:08.292  INFO 20988 --- [localhost-startStop-1] o.s.b.w.servlet.FilterRegistrationBean   : Mapping filter: 'hiddenHttpMethodFilter' to: [/*]
2017-11-14 14:45:08.293  INFO 20988 --- [localhost-startStop-1] o.s.b.w.servlet.FilterRegistrationBean   : Mapping filter: 'httpPutFormContentFilter' to: [/*]
2017-11-14 14:45:08.293  INFO 20988 --- [localhost-startStop-1] o.s.b.w.servlet.FilterRegistrationBean   : Mapping filter: 'requestContextFilter' to: [/*]
2017-11-14 14:45:08.294  INFO 20988 --- [localhost-startStop-1] o.s.b.w.servlet.FilterRegistrationBean   : Mapping filter: 'druidWebStatFilter' to urls: [/*]
2017-11-14 14:45:08.294  INFO 20988 --- [localhost-startStop-1] o.s.b.w.servlet.FilterRegistrationBean   : Mapping filter: 'shiroFilter' to: [/*]
2017-11-14 14:45:33.319  INFO 20988 --- [restartedMain] com.alibaba.druid.pool.DruidDataSource   : {dataSource-1} inited
2017-11-14 14:45:33.470  INFO 20988 --- [restartedMain] j.LocalContainerEntityManagerFactoryBean : Building JPA container EntityManagerFactory for persistence unit 'default'
2017-11-14 14:45:33.512  INFO 20988 --- [restartedMain] o.hibernate.jpa.internal.util.LogHelper  : HHH000204: Processing PersistenceUnitInfo [
	name: default
	...]
2017-11-14 14:45:33.689  INFO 20988 --- [restartedMain] org.hibernate.Version                    : HHH000412: Hibernate Core {5.0.12.Final}
2017-11-14 14:45:33.693  INFO 20988 --- [restartedMain] org.hibernate.cfg.Environment            : HHH000206: hibernate.properties not found
2017-11-14 14:45:33.696  INFO 20988 --- [restartedMain] org.hibernate.cfg.Environment            : HHH000021: Bytecode provider name : javassist
2017-11-14 14:45:33.855  INFO 20988 --- [restartedMain] o.hibernate.annotations.common.Version   : HCANN000001: Hibernate Commons Annotations {5.0.1.Final}
2017-11-14 14:45:34.128  INFO 20988 --- [restartedMain] org.hibernate.dialect.Dialect            : HHH000400: Using dialect: org.hibernate.dialect.MySQL5Dialect
2017-11-14 14:45:34.799  INFO 20988 --- [restartedMain] j.LocalContainerEntityManagerFactoryBean : Initialized JPA EntityManagerFactory for persistence unit 'default'
2017-11-14 14:45:36.527  INFO 20988 --- [restartedMain] o.s.aop.framework.CglibAopProxy          : Method [java.util.List springfox.documentation.schema.property.OptimizedModelPropertiesProvider.candidateProperties(com.fasterxml.classmate.ResolvedType,com.fasterxml.jackson.databind.introspect.AnnotatedMember,com.fasterxml.jackson.databind.introspect.BeanPropertyDefinition,springfox.documentation.spi.schema.contexts.ModelContext)] is package-visible across different ClassLoaders and cannot get proxied via CGLIB: Declare this method as public or protected if you need to support invocations through the proxy.
2017-11-14 14:45:37.168  INFO 20988 --- [restartedMain] s.w.s.m.m.a.RequestMappingHandlerMapping : Mapped "{[/error]}" onto public java.lang.String com.goku.webapi.controller.impl.loginControllerImpl.error(javax.servlet.http.HttpServletRequest)
2017-11-14 14:45:37.169  INFO 20988 --- [restartedMain] s.w.s.m.m.a.RequestMappingHandlerMapping : Mapped "{[/login],methods=[POST]}" onto public java.lang.String com.goku.webapi.controller.impl.loginControllerImpl.login(java.lang.String,java.lang.String,boolean)
2017-11-14 14:45:37.171  INFO 20988 --- [restartedMain] s.w.s.m.m.a.RequestMappingHandlerMapping : Mapped "{[/logout],methods=[POST]}" onto public java.lang.String com.goku.webapi.controller.impl.loginControllerImpl.logout()
2017-11-14 14:45:37.173  INFO 20988 --- [restartedMain] s.w.s.m.m.a.RequestMappingHandlerMapping : Mapped "{[/notAuthz],methods=[GET]}" onto public java.lang.String com.goku.webapi.controller.impl.loginControllerImpl.notAuthz()
2017-11-14 14:45:37.173  INFO 20988 --- [restartedMain] s.w.s.m.m.a.RequestMappingHandlerMapping : Mapped "{[/notAuthc],methods=[GET]}" onto public java.lang.String com.goku.webapi.controller.impl.loginControllerImpl.notAuthc()
2017-11-14 14:45:37.177  INFO 20988 --- [restartedMain] s.w.s.m.m.a.RequestMappingHandlerMapping : Mapped "{[/sysMenu/getMenu/{id}],methods=[GET]}" onto public java.lang.String com.goku.webapi.controller.impl.sysMenuControllerImpl.selectByid(java.lang.String)
2017-11-14 14:45:37.182  INFO 20988 --- [restartedMain] s.w.s.m.m.a.RequestMappingHandlerMapping : Mapped "{[/sysUser/getUser/{id}],methods=[GET]}" onto public java.lang.String com.goku.webapi.controller.impl.sysUserControllerImpl.selectByid(java.lang.String)
2017-11-14 14:45:37.183  INFO 20988 --- [restartedMain] s.w.s.m.m.a.RequestMappingHandlerMapping : Mapped "{[/v2/api-docs],methods=[GET]}" onto public org.springframework.http.ResponseEntity<springfox.documentation.spring.web.json.Json> springfox.documentation.swagger2.web.Swagger2Controller.getDocumentation(java.lang.String)
2017-11-14 14:45:37.190  INFO 20988 --- [restartedMain] s.w.s.m.m.a.RequestMappingHandlerMapping : Mapped "{[/configuration/security]}" onto org.springframework.http.ResponseEntity<springfox.documentation.swagger.web.SecurityConfiguration> springfox.documentation.swagger.web.ApiResourceController.securityConfiguration()
2017-11-14 14:45:37.191  INFO 20988 --- [restartedMain] s.w.s.m.m.a.RequestMappingHandlerMapping : Mapped "{[/configuration/ui]}" onto org.springframework.http.ResponseEntity<springfox.documentation.swagger.web.UiConfiguration> springfox.documentation.swagger.web.ApiResourceController.uiConfiguration()
2017-11-14 14:45:37.192  INFO 20988 --- [restartedMain] s.w.s.m.m.a.RequestMappingHandlerMapping : Mapped "{[/swagger-resources]}" onto org.springframework.http.ResponseEntity<java.util.List<springfox.documentation.swagger.web.SwaggerResource>> springfox.documentation.swagger.web.ApiResourceController.swaggerResources()
2017-11-14 14:45:38.845  INFO 20988 --- [restartedMain] s.w.s.m.m.a.RequestMappingHandlerAdapter : Looking for @ControllerAdvice: org.springframework.boot.context.embedded.AnnotationConfigEmbeddedWebApplicationContext@7d71f673: startup date [Tue Nov 14 14:44:53 CST 2017]; root of context hierarchy
2017-11-14 14:45:39.077  INFO 20988 --- [restartedMain] o.s.w.s.handler.SimpleUrlHandlerMapping  : Mapped URL path [/webjars/**] onto handler of type [class org.springframework.web.servlet.resource.ResourceHttpRequestHandler]
2017-11-14 14:45:39.077  INFO 20988 --- [restartedMain] o.s.w.s.handler.SimpleUrlHandlerMapping  : Mapped URL path [/**] onto handler of type [class org.springframework.web.servlet.resource.ResourceHttpRequestHandler]
2017-11-14 14:45:39.262  INFO 20988 --- [restartedMain] o.s.w.s.handler.SimpleUrlHandlerMapping  : Mapped URL path [/**/favicon.ico] onto handler of type [class org.springframework.web.servlet.resource.ResourceHttpRequestHandler]
2017-11-14 14:45:40.751  INFO 20988 --- [restartedMain] o.s.b.d.a.OptionalLiveReloadServer       : LiveReload server is running on port 35729
2017-11-14 14:45:40.875  INFO 20988 --- [restartedMain] o.s.j.e.a.AnnotationMBeanExporter        : Registering beans for JMX exposure on startup
2017-11-14 14:45:40.877  INFO 20988 --- [restartedMain] o.s.j.e.a.AnnotationMBeanExporter        : Bean with name 'master' has been autodetected for JMX exposure
2017-11-14 14:45:40.877  INFO 20988 --- [restartedMain] o.s.j.e.a.AnnotationMBeanExporter        : Bean with name 'slave' has been autodetected for JMX exposure
2017-11-14 14:45:40.887  INFO 20988 --- [restartedMain] o.s.j.e.a.AnnotationMBeanExporter        : Located MBean 'slave': registering with JMX server as MBean [com.alibaba.druid.pool:name=slave,type=DruidDataSource]
2017-11-14 14:45:40.888  INFO 20988 --- [restartedMain] o.s.j.e.a.AnnotationMBeanExporter        : Located MBean 'master': registering with JMX server as MBean [com.alibaba.druid.pool:name=master,type=DruidDataSource]
2017-11-14 14:45:40.901  INFO 20988 --- [restartedMain] d.s.w.p.DocumentationPluginsBootstrapper : Context refreshed
2017-11-14 14:45:40.934  INFO 20988 --- [restartedMain] d.s.w.p.DocumentationPluginsBootstrapper : Found {0} custom documentation plugin(s)
2017-11-14 14:45:40.950  INFO 20988 --- [restartedMain] s.d.s.w.s.ApiListingReferenceScanner     : Scanning for api listing references
2017-11-14 14:45:40.962  INFO 20988 --- [restartedMain] s.w.ClassOrApiAnnotationResourceGrouping : Group for method login was 登录验证
2017-11-14 14:45:40.972  INFO 20988 --- [restartedMain] s.d.s.w.s.ApiListingReferenceScanner     : Request mapping: login belongs to groups: [[ResourceGroup{groupName='登录验证', position=0, controller=com.goku.webapi.controller.impl.loginControllerImpl}]] 
2017-11-14 14:45:40.974  INFO 20988 --- [restartedMain] s.w.ClassOrApiAnnotationResourceGrouping : Group for method logout was 登录验证
2017-11-14 14:45:40.974  INFO 20988 --- [restartedMain] s.d.s.w.s.ApiListingReferenceScanner     : Request mapping: logout belongs to groups: [[ResourceGroup{groupName='登录验证', position=0, controller=com.goku.webapi.controller.impl.loginControllerImpl}]] 
2017-11-14 14:45:40.975  INFO 20988 --- [restartedMain] s.w.ClassOrApiAnnotationResourceGrouping : Group for method selectByid was 菜单管理
2017-11-14 14:45:40.976  INFO 20988 --- [restartedMain] s.d.s.w.s.ApiListingReferenceScanner     : Request mapping: selectByid belongs to groups: [[ResourceGroup{groupName='菜单管理', position=0, controller=com.goku.webapi.controller.impl.sysMenuControllerImpl}]] 
2017-11-14 14:45:40.978  INFO 20988 --- [restartedMain] s.w.ClassOrApiAnnotationResourceGrouping : Group for method selectByid was 用户管理
2017-11-14 14:45:40.979  INFO 20988 --- [restartedMain] s.d.s.w.s.ApiListingReferenceScanner     : Request mapping: selectByid belongs to groups: [[ResourceGroup{groupName='用户管理', position=0, controller=com.goku.webapi.controller.impl.sysUserControllerImpl}]] 
2017-11-14 14:45:40.987  INFO 20988 --- [restartedMain] s.d.s.w.s.ApiListingReferenceScanner     : Created resource listing Path: /default/登录验证 Description: 登录验证 Position: 0
2017-11-14 14:45:40.989  INFO 20988 --- [restartedMain] s.d.s.w.s.ApiListingReferenceScanner     : Created resource listing Path: /default/用户管理 Description: 用户管理 Position: 0
2017-11-14 14:45:40.989  INFO 20988 --- [restartedMain] s.d.s.w.s.ApiListingReferenceScanner     : Created resource listing Path: /default/菜单管理 Description: 菜单管理 Position: 0
2017-11-14 14:45:41.030  INFO 20988 --- [restartedMain] s.d.schema.ModelContextKeyGenerator      : Cache Key Generated: java.lang.String(true)
2017-11-14 14:45:41.030  INFO 20988 --- [restartedMain] s.d.spring.web.caching.CachingAspect     : Caching aspect applied for cache models with key java.lang.String(true)
2017-11-14 14:45:41.051  INFO 20988 --- [restartedMain] s.d.schema.ModelContextKeyGenerator      : Cache Key Generated: java.lang.String(true)
2017-11-14 14:45:41.051  INFO 20988 --- [restartedMain] s.d.spring.web.caching.CachingAspect     : Caching aspect applied for cache modelDependencies with key java.lang.String(true)
2017-11-14 14:45:41.062  INFO 20988 --- [restartedMain] s.d.spring.web.OperationsKeyGenerator    : Cache key generated: /sysUser/getUser/{id}.com.goku.webapi.controller.impl.sysUserControllerImpl.selectByid.DefaultGenericTypeNamingStrategy
2017-11-14 14:45:41.062  INFO 20988 --- [restartedMain] s.d.spring.web.caching.CachingAspect     : Caching aspect applied for cache operations with key /sysUser/getUser/{id}.com.goku.webapi.controller.impl.sysUserControllerImpl.selectByid.DefaultGenericTypeNamingStrategy
2017-11-14 14:45:41.096  INFO 20988 --- [restartedMain] s.w.ClassOrApiAnnotationResourceGrouping : Group for method selectByid was 用户管理
2017-11-14 14:45:41.125  INFO 20988 --- [restartedMain] s.w.ClassOrApiAnnotationResourceGrouping : Group for method selectByid was 用户管理
2017-11-14 14:45:41.149  INFO 20988 --- [restartedMain] s.d.schema.ModelContextKeyGenerator      : Cache Key Generated: java.lang.String(true)
2017-11-14 14:45:41.150  INFO 20988 --- [restartedMain] s.d.spring.web.caching.CachingAspect     : Caching aspect applied for cache models with key java.lang.String(true)
2017-11-14 14:45:41.150  INFO 20988 --- [restartedMain] s.d.schema.ModelContextKeyGenerator      : Cache Key Generated: java.lang.String(true)
2017-11-14 14:45:41.150  INFO 20988 --- [restartedMain] s.d.spring.web.caching.CachingAspect     : Caching aspect applied for cache modelDependencies with key java.lang.String(true)
2017-11-14 14:45:41.151  INFO 20988 --- [restartedMain] s.d.spring.web.OperationsKeyGenerator    : Cache key generated: /login.com.goku.webapi.controller.impl.loginControllerImpl.login.DefaultGenericTypeNamingStrategy
2017-11-14 14:45:41.151  INFO 20988 --- [restartedMain] s.d.spring.web.caching.CachingAspect     : Caching aspect applied for cache operations with key /login.com.goku.webapi.controller.impl.loginControllerImpl.login.DefaultGenericTypeNamingStrategy
2017-11-14 14:45:41.161  INFO 20988 --- [restartedMain] s.w.ClassOrApiAnnotationResourceGrouping : Group for method login was 登录验证
2017-11-14 14:45:41.163  INFO 20988 --- [restartedMain] s.w.ClassOrApiAnnotationResourceGrouping : Group for method login was 登录验证
2017-11-14 14:45:41.166  INFO 20988 --- [restartedMain] s.d.schema.ModelContextKeyGenerator      : Cache Key Generated: java.lang.String(true)
2017-11-14 14:45:41.166  INFO 20988 --- [restartedMain] s.d.spring.web.caching.CachingAspect     : Caching aspect applied for cache models with key java.lang.String(true)
2017-11-14 14:45:41.167  INFO 20988 --- [restartedMain] s.d.schema.ModelContextKeyGenerator      : Cache Key Generated: java.lang.String(true)
2017-11-14 14:45:41.167  INFO 20988 --- [restartedMain] s.d.spring.web.caching.CachingAspect     : Caching aspect applied for cache modelDependencies with key java.lang.String(true)
2017-11-14 14:45:41.167  INFO 20988 --- [restartedMain] s.d.spring.web.OperationsKeyGenerator    : Cache key generated: /logout.com.goku.webapi.controller.impl.loginControllerImpl.logout.DefaultGenericTypeNamingStrategy
2017-11-14 14:45:41.167  INFO 20988 --- [restartedMain] s.d.spring.web.caching.CachingAspect     : Caching aspect applied for cache operations with key /logout.com.goku.webapi.controller.impl.loginControllerImpl.logout.DefaultGenericTypeNamingStrategy
2017-11-14 14:45:41.172  INFO 20988 --- [restartedMain] s.w.ClassOrApiAnnotationResourceGrouping : Group for method logout was 登录验证
2017-11-14 14:45:41.179  INFO 20988 --- [restartedMain] s.w.ClassOrApiAnnotationResourceGrouping : Group for method logout was 登录验证
2017-11-14 14:45:41.184  INFO 20988 --- [restartedMain] s.d.schema.ModelContextKeyGenerator      : Cache Key Generated: java.lang.String(true)
2017-11-14 14:45:41.184  INFO 20988 --- [restartedMain] s.d.spring.web.caching.CachingAspect     : Caching aspect applied for cache models with key java.lang.String(true)
2017-11-14 14:45:41.184  INFO 20988 --- [restartedMain] s.d.schema.ModelContextKeyGenerator      : Cache Key Generated: java.lang.String(true)
2017-11-14 14:45:41.185  INFO 20988 --- [restartedMain] s.d.spring.web.caching.CachingAspect     : Caching aspect applied for cache modelDependencies with key java.lang.String(true)
2017-11-14 14:45:41.185  INFO 20988 --- [restartedMain] s.d.spring.web.OperationsKeyGenerator    : Cache key generated: /sysMenu/getMenu/{id}.com.goku.webapi.controller.impl.sysMenuControllerImpl.selectByid.DefaultGenericTypeNamingStrategy
2017-11-14 14:45:41.185  INFO 20988 --- [restartedMain] s.d.spring.web.caching.CachingAspect     : Caching aspect applied for cache operations with key /sysMenu/getMenu/{id}.com.goku.webapi.controller.impl.sysMenuControllerImpl.selectByid.DefaultGenericTypeNamingStrategy
2017-11-14 14:45:41.187  INFO 20988 --- [restartedMain] s.w.ClassOrApiAnnotationResourceGrouping : Group for method selectByid was 菜单管理
2017-11-14 14:45:41.191  INFO 20988 --- [restartedMain] s.w.ClassOrApiAnnotationResourceGrouping : Group for method selectByid was 菜单管理
2017-11-14 14:45:41.192  INFO 20988 --- [restartedMain] .d.s.w.r.o.CachingOperationNameGenerator : Generating unique operation named: selectByidUsingGET_1
2017-11-14 14:45:41.368  INFO 20988 --- [restartedMain] s.b.c.e.t.TomcatEmbeddedServletContainer : Tomcat started on port(s): 8080 (http)
2017-11-14 14:45:41.385  INFO 20988 --- [restartedMain] com.goku.webapi.WebapiApplication        : Started WebapiApplication in 48.44 seconds (JVM running for 50.083)
